#
# There is insufficient memory for the Java Runtime Environment to continue.
# Native memory allocation (malloc) failed to allocate 1193376 bytes for Chunk::new
# Possible reasons:
#   The system is out of physical RAM or swap space
#   In 32 bit mode, the process size limit was hit
# Possible solutions:
#   Reduce memory load on the system
#   Increase physical memory or swap space
#   Check if swap backing store is full
#   Use 64 bit Java on a 64 bit OS
#   Decrease Java heap size (-Xmx/-Xms)
#   Decrease number of Java threads
#   Decrease Java thread stack sizes (-Xss)
#   Set larger code cache with -XX:ReservedCodeCacheSize=
# This output file may be truncated or incomplete.
#
#  Out of Memory Error (allocation.cpp:390), pid=9528, tid=3532
#
# JRE version: Java(TM) SE Runtime Environment (8.0_66-b18) (build 1.8.0_66-b18)
# Java VM: Java HotSpot(TM) 64-Bit Server VM (25.66-b18 mixed mode windows-amd64 compressed oops)
# Failed to write core dump. Minidumps are not enabled by default on client versions of Windows
#

---------------  T H R E A D  ---------------

Current thread (0x0000000016f88800):  JavaThread "C2 CompilerThread0" daemon [_thread_in_native, id=3532, stack(0x0000000017560000,0x0000000017660000)]

Stack: [0x0000000017560000,0x0000000017660000]
[error occurred during error reporting (printing stack bounds), id 0xc0000005]

Native frames: (J=compiled Java code, j=interpreted, Vv=VM code, C=native code)


Current CompileTask:
C2: 964740 10622       4       org.gradle.logging.internal.AbstractLineChoppingStyledTextOutput::doAppend (142 bytes)


---------------  P R O C E S S  ---------------

Java Threads: ( => current thread )
  0x0000000017224800 JavaThread "Forward streams with process: command 'C:\Program Files\Java\jdk1.8.0_66\bin\java.exe' Thread 3" [_thread_in_native, id=2156, stack(0x000000002aa80000,0x000000002ab80000)]
  0x0000000017225000 JavaThread "Forward streams with process: command 'C:\Program Files\Java\jdk1.8.0_66\bin\java.exe' Thread 2" [_thread_in_native, id=5880, stack(0x000000002a980000,0x000000002aa80000)]
  0x0000000017229000 JavaThread "Forward streams with process: command 'C:\Program Files\Java\jdk1.8.0_66\bin\java.exe'" [_thread_blocked, id=12180, stack(0x000000002a880000,0x000000002a980000)]
  0x000000001d418800 JavaThread "Forward streams with process: command 'C:\Program Files\Java\jdk1.8.0_66\bin\java.exe' Thread 3" [_thread_in_native, id=11160, stack(0x0000000029680000,0x0000000029780000)]
  0x000000001d479800 JavaThread "Forward streams with process: command 'C:\Program Files\Java\jdk1.8.0_66\bin\java.exe' Thread 2" [_thread_in_native, id=860, stack(0x0000000029580000,0x0000000029680000)]
  0x000000001d479000 JavaThread "Forward streams with process: command 'C:\Program Files\Java\jdk1.8.0_66\bin\java.exe'" [_thread_blocked, id=4924, stack(0x0000000029480000,0x0000000029580000)]
  0x000000001d475000 JavaThread "Run command 'C:\Program Files\Java\jdk1.8.0_66\bin\java.exe'" [_thread_in_native, id=10088, stack(0x0000000028e80000,0x0000000028f80000)]
  0x000000001d473000 JavaThread "Run command 'C:\Program Files\Java\jdk1.8.0_66\bin\java.exe'" [_thread_in_native, id=11392, stack(0x0000000028980000,0x0000000028a80000)]
  0x000000001d472000 JavaThread "pool-2-thread-5" [_thread_blocked, id=9380, stack(0x0000000028580000,0x0000000028680000)]
  0x000000001d46e800 JavaThread "pool-2-thread-2" [_thread_blocked, id=9376, stack(0x0000000028280000,0x0000000028380000)]
  0x000000001d71b800 JavaThread "Daemon worker Thread 2" [_thread_in_native_trans, id=2108, stack(0x0000000027f80000,0x0000000028080000)]
  0x000000001d71a800 JavaThread "Cancel handler" [_thread_blocked, id=11308, stack(0x0000000027e80000,0x0000000027f80000)]
  0x000000001d71a000 JavaThread "Handler for socket connection from /127.0.0.1:55955 to /127.0.0.1:57148" [_thread_in_native, id=10540, stack(0x0000000027d80000,0x0000000027e80000)]
  0x000000001d719000 JavaThread "Daemon Thread 2" [_thread_blocked, id=4712, stack(0x0000000027c80000,0x0000000027d80000)]
  0x000000001912d800 JavaThread "File lock request listener" [_thread_in_native, id=1916, stack(0x000000001b5c0000,0x000000001b6c0000)]
  0x0000000018a4b800 JavaThread "Incoming local TCP Connector on port 55955" [_thread_in_native, id=8140, stack(0x00000000183a0000,0x00000000184a0000)]
  0x0000000017027800 JavaThread "Service Thread" daemon [_thread_blocked, id=3692, stack(0x0000000017960000,0x0000000017a60000)]
  0x0000000016f95000 JavaThread "C1 CompilerThread3" daemon [_thread_blocked, id=6812, stack(0x0000000017860000,0x0000000017960000)]
  0x0000000016f92000 JavaThread "C2 CompilerThread2" daemon [_thread_in_native, id=12044, stack(0x0000000017760000,0x0000000017860000)]
  0x0000000016f8c000 JavaThread "C2 CompilerThread1" daemon [_thread_blocked, id=2208, stack(0x0000000017660000,0x0000000017760000)]
=>0x0000000016f88800 JavaThread "C2 CompilerThread0" daemon [_thread_in_native, id=3532, stack(0x0000000017560000,0x0000000017660000)]
  0x0000000016f86000 JavaThread "Attach Listener" daemon [_thread_blocked, id=6448, stack(0x0000000017460000,0x0000000017560000)]
  0x0000000016f85000 JavaThread "Signal Dispatcher" daemon [_thread_blocked, id=2052, stack(0x0000000017360000,0x0000000017460000)]
  0x000000000231a800 JavaThread "Finalizer" daemon [_thread_blocked, id=8240, stack(0x0000000016d70000,0x0000000016e70000)]
  0x0000000014e5d800 JavaThread "Reference Handler" daemon [_thread_blocked, id=9244, stack(0x0000000016c70000,0x0000000016d70000)]
  0x00000000009ae800 JavaThread "main" [_thread_blocked, id=10804, stack(0x0000000002120000,0x0000000002220000)]

Other Threads:
  0x0000000014e59000 VMThread [stack: 0x0000000016b70000,0x0000000016c70000] [id=788]
  0x0000000017047000 WatcherThread [stack: 0x0000000017a60000,0x0000000017b60000] [id=10028]

VM state:not at safepoint (normal execution)

VM Mutex/Monitor currently owned by a thread: None

Heap:
 PSYoungGen      total 197632K, used 77228K [0x00000000eab00000, 0x00000000fb680000, 0x0000000100000000)
  eden space 188416K, 36% used [0x00000000eab00000,0x00000000eedd0cb0,0x00000000f6300000)
  from space 9216K, 95% used [0x00000000fad80000,0x00000000fb61a488,0x00000000fb680000)
  to   space 25088K, 0% used [0x00000000f8580000,0x00000000f8580000,0x00000000f9e00000)
 ParOldGen       total 91648K, used 39500K [0x00000000c0000000, 0x00000000c5980000, 0x00000000eab00000)
  object space 91648K, 43% used [0x00000000c0000000,0x00000000c2693138,0x00000000c5980000)
 Metaspace       used 58201K, capacity 60610K, committed 60928K, reserved 1101824K
  class space    used 7788K, capacity 8356K, committed 8448K, reserved 1048576K

Card table byte_map: [0x00000000116e0000,0x00000000118f0000] byte_map_base: 0x00000000110e0000

Marking Bits: (ParMarkBitMap*) 0x000000006f6da5b0
 Begin Bits: [0x0000000012250000, 0x0000000013250000)
 End Bits:   [0x0000000013250000, 0x0000000014250000)

Polling page: 0x00000000009b0000

CodeCache: size=245760Kb used=31884Kb max_used=32066Kb free=213875Kb
 bounds [0x0000000002320000, 0x00000000042a0000, 0x0000000011320000]
 total_blobs=9671 nmethods=8910 adapters=671
 compilation: enabled

Compilation events (10 events):
Event: 964.716 Thread 0x0000000016f95000 10628       3       org.gradle.logging.internal.ProgressLogEventGenerator::doOutput (52 bytes)
Event: 964.717 Thread 0x0000000016f95000 nmethod 10628 0x0000000002eae590 code [0x0000000002eae760, 0x0000000002eaee58]
Event: 964.717 Thread 0x0000000016f95000 10630       3       java.text.DigitList::set (176 bytes)
Event: 964.718 Thread 0x0000000016f95000 nmethod 10630 0x0000000002f158d0 code [0x0000000002f15aa0, 0x0000000002f16128]
Event: 964.718 Thread 0x0000000016f95000 10629       3       java.text.DecimalFormat::getPositivePrefixFieldPositions (41 bytes)
Event: 964.718 Thread 0x0000000016f95000 nmethod 10629 0x0000000002d397d0 code [0x0000000002d39940, 0x0000000002d39ba8]
Event: 964.718 Thread 0x0000000016f95000 10631       3       java.text.DecimalFormat::getPositiveSuffixFieldPositions (41 bytes)
Event: 964.719 Thread 0x0000000016f95000 nmethod 10631 0x0000000002f15450 code [0x0000000002f155c0, 0x0000000002f15828]
Event: 964.724 Thread 0x0000000016f95000 10632       3       org.gradle.logging.internal.AbstractStyledTextOutput::println (13 bytes)
Event: 964.725 Thread 0x0000000016f95000 nmethod 10632 0x0000000002f0b7d0 code [0x0000000002f0ba20, 0x0000000002f0c588]

GC Heap History (10 events):
Event: 24.687 GC heap before
{Heap before GC invocations=17 (full 2):
 PSYoungGen      total 173056K, used 173039K [0x00000000eab00000, 0x00000000f6c80000, 0x0000000100000000)
  eden space 155136K, 100% used [0x00000000eab00000,0x00000000f4280000,0x00000000f4280000)
  from space 17920K, 99% used [0x00000000f5880000,0x00000000f69fbf68,0x00000000f6a00000)
  to   space 21504K, 0% used [0x00000000f4280000,0x00000000f4280000,0x00000000f5780000)
 ParOldGen       total 91648K, used 20533K [0x00000000c0000000, 0x00000000c5980000, 0x00000000eab00000)
  object space 91648K, 22% used [0x00000000c0000000,0x00000000c140d448,0x00000000c5980000)
 Metaspace       used 46656K, capacity 48412K, committed 48512K, reserved 1091584K
  class space    used 6327K, capacity 6686K, committed 6784K, reserved 1048576K
Event: 24.719 GC heap after
Heap after GC invocations=17 (full 2):
 PSYoungGen      total 176640K, used 21487K [0x00000000eab00000, 0x00000000f9e80000, 0x0000000100000000)
  eden space 155136K, 0% used [0x00000000eab00000,0x00000000eab00000,0x00000000f4280000)
  from space 21504K, 99% used [0x00000000f4280000,0x00000000f577be60,0x00000000f5780000)
  to   space 27136K, 0% used [0x00000000f8400000,0x00000000f8400000,0x00000000f9e80000)
 ParOldGen       total 91648K, used 26662K [0x00000000c0000000, 0x00000000c5980000, 0x00000000eab00000)
  object space 91648K, 29% used [0x00000000c0000000,0x00000000c1a09ae0,0x00000000c5980000)
 Metaspace       used 46656K, capacity 48412K, committed 48512K, reserved 1091584K
  class space    used 6327K, capacity 6686K, committed 6784K, reserved 1048576K
}
Event: 25.048 GC heap before
{Heap before GC invocations=18 (full 2):
 PSYoungGen      total 176640K, used 37548K [0x00000000eab00000, 0x00000000f9e80000, 0x0000000100000000)
  eden space 155136K, 10% used [0x00000000eab00000,0x00000000ebaaf298,0x00000000f4280000)
  from space 21504K, 99% used [0x00000000f4280000,0x00000000f577be60,0x00000000f5780000)
  to   space 27136K, 0% used [0x00000000f8400000,0x00000000f8400000,0x00000000f9e80000)
 ParOldGen       total 91648K, used 26662K [0x00000000c0000000, 0x00000000c5980000, 0x00000000eab00000)
  object space 91648K, 29% used [0x00000000c0000000,0x00000000c1a09ae0,0x00000000c5980000)
 Metaspace       used 47431K, capacity 49352K, committed 49664K, reserved 1091584K
  class space    used 6437K, capacity 6850K, committed 6912K, reserved 1048576K
Event: 25.081 GC heap after
Heap after GC invocations=18 (full 2):
 PSYoungGen      total 220160K, used 12555K [0x00000000eab00000, 0x00000000f9c80000, 0x0000000100000000)
  eden space 195072K, 0% used [0x00000000eab00000,0x00000000eab00000,0x00000000f6980000)
  from space 25088K, 50% used [0x00000000f8400000,0x00000000f9042c18,0x00000000f9c80000)
  to   space 26112K, 0% used [0x00000000f6980000,0x00000000f6980000,0x00000000f8300000)
 ParOldGen       total 91648K, used 36929K [0x00000000c0000000, 0x00000000c5980000, 0x00000000eab00000)
  object space 91648K, 40% used [0x00000000c0000000,0x00000000c24106b8,0x00000000c5980000)
 Metaspace       used 47431K, capacity 49352K, committed 49664K, reserved 1091584K
  class space    used 6437K, capacity 6850K, committed 6912K, reserved 1048576K
}
Event: 25.081 GC heap before
{Heap before GC invocations=19 (full 3):
 PSYoungGen      total 220160K, used 12555K [0x00000000eab00000, 0x00000000f9c80000, 0x0000000100000000)
  eden space 195072K, 0% used [0x00000000eab00000,0x00000000eab00000,0x00000000f6980000)
  from space 25088K, 50% used [0x00000000f8400000,0x00000000f9042c18,0x00000000f9c80000)
  to   space 26112K, 0% used [0x00000000f6980000,0x00000000f6980000,0x00000000f8300000)
 ParOldGen       total 91648K, used 36929K [0x00000000c0000000, 0x00000000c5980000, 0x00000000eab00000)
  object space 91648K, 40% used [0x00000000c0000000,0x00000000c24106b8,0x00000000c5980000)
 Metaspace       used 47431K, capacity 49352K, committed 49664K, reserved 1091584K
  class space    used 6437K, capacity 6850K, committed 6912K, reserved 1048576K
Event: 25.494 GC heap after
Heap after GC invocations=19 (full 3):
 PSYoungGen      total 220160K, used 0K [0x00000000eab00000, 0x00000000f9c80000, 0x0000000100000000)
  eden space 195072K, 0% used [0x00000000eab00000,0x00000000eab00000,0x00000000f6980000)
  from space 25088K, 0% used [0x00000000f8400000,0x00000000f8400000,0x00000000f9c80000)
  to   space 26112K, 0% used [0x00000000f6980000,0x00000000f6980000,0x00000000f8300000)
 ParOldGen       total 91648K, used 39484K [0x00000000c0000000, 0x00000000c5980000, 0x00000000eab00000)
  object space 91648K, 43% used [0x00000000c0000000,0x00000000c268f138,0x00000000c5980000)
 Metaspace       used 47392K, capacity 49308K, committed 49664K, reserved 1091584K
  class space    used 6425K, capacity 6838K, committed 6912K, reserved 1048576K
}
Event: 34.066 GC heap before
{Heap before GC invocations=20 (full 3):
 PSYoungGen      total 220160K, used 195072K [0x00000000eab00000, 0x00000000f9c80000, 0x0000000100000000)
  eden space 195072K, 100% used [0x00000000eab00000,0x00000000f6980000,0x00000000f6980000)
  from space 25088K, 0% used [0x00000000f8400000,0x00000000f8400000,0x00000000f9c80000)
  to   space 26112K, 0% used [0x00000000f6980000,0x00000000f6980000,0x00000000f8300000)
 ParOldGen       total 91648K, used 39484K [0x00000000c0000000, 0x00000000c5980000, 0x00000000eab00000)
  object space 91648K, 43% used [0x00000000c0000000,0x00000000c268f138,0x00000000c5980000)
 Metaspace       used 51372K, capacity 53670K, committed 53888K, reserved 1095680K
  class space    used 6951K, capacity 7511K, committed 7552K, reserved 1048576K
Event: 34.085 GC heap after
Heap after GC invocations=20 (full 3):
 PSYoungGen      total 221184K, used 14952K [0x00000000eab00000, 0x00000000fc700000, 0x0000000100000000)
  eden space 195072K, 0% used [0x00000000eab00000,0x00000000eab00000,0x00000000f6980000)
  from space 26112K, 57% used [0x00000000f6980000,0x00000000f781a198,0x00000000f8300000)
  to   space 26112K, 0% used [0x00000000fad80000,0x00000000fad80000,0x00000000fc700000)
 ParOldGen       total 91648K, used 39492K [0x00000000c0000000, 0x00000000c5980000, 0x00000000eab00000)
  object space 91648K, 43% used [0x00000000c0000000,0x00000000c2691138,0x00000000c5980000)
 Metaspace       used 51372K, capacity 53670K, committed 53888K, reserved 1095680K
  class space    used 6951K, capacity 7511K, committed 7552K, reserved 1048576K
}
Event: 961.648 GC heap before
{Heap before GC invocations=21 (full 3):
 PSYoungGen      total 221184K, used 210024K [0x00000000eab00000, 0x00000000fc700000, 0x0000000100000000)
  eden space 195072K, 100% used [0x00000000eab00000,0x00000000f6980000,0x00000000f6980000)
  from space 26112K, 57% used [0x00000000f6980000,0x00000000f781a198,0x00000000f8300000)
  to   space 26112K, 0% used [0x00000000fad80000,0x00000000fad80000,0x00000000fc700000)
 ParOldGen       total 91648K, used 39492K [0x00000000c0000000, 0x00000000c5980000, 0x00000000eab00000)
  object space 91648K, 43% used [0x00000000c0000000,0x00000000c2691138,0x00000000c5980000)
 Metaspace       used 53046K, capacity 55586K, committed 55680K, reserved 1097728K
  class space    used 7164K, capacity 7748K, committed 7808K, reserved 1048576K
Event: 961.657 GC heap after
Heap after GC invocations=21 (full 3):
 PSYoungGen      total 197632K, used 8809K [0x00000000eab00000, 0x00000000fb680000, 0x0000000100000000)
  eden space 188416K, 0% used [0x00000000eab00000,0x00000000eab00000,0x00000000f6300000)
  from space 9216K, 95% used [0x00000000fad80000,0x00000000fb61a488,0x00000000fb680000)
  to   space 25088K, 0% used [0x00000000f8580000,0x00000000f8580000,0x00000000f9e00000)
 ParOldGen       total 91648K, used 39500K [0x00000000c0000000, 0x00000000c5980000, 0x00000000eab00000)
  object space 91648K, 43% used [0x00000000c0000000,0x00000000c2693138,0x00000000c5980000)
 Metaspace       used 53046K, capacity 55586K, committed 55680K, reserved 1097728K
  class space    used 7164K, capacity 7748K, committed 7808K, reserved 1048576K
}

Deoptimization events (10 events):
Event: 962.766 Thread 0x000000001d71b800 Uncommon trap: reason=bimorphic action=maybe_recompile pc=0x0000000004203518 method=com.sun.tools.javac.code.Types.isAssignable(Lcom/sun/tools/javac/code/Type;Lcom/sun/tools/javac/code/Type;Lcom/sun/tools/javac/util/Warner;)Z @ 13
Event: 962.766 Thread 0x000000001d71b800 Uncommon trap: reason=bimorphic action=maybe_recompile pc=0x0000000004203518 method=com.sun.tools.javac.code.Types.isAssignable(Lcom/sun/tools/javac/code/Type;Lcom/sun/tools/javac/code/Type;Lcom/sun/tools/javac/util/Warner;)Z @ 13
Event: 962.766 Thread 0x000000001d71b800 Uncommon trap: reason=bimorphic action=maybe_recompile pc=0x0000000004203518 method=com.sun.tools.javac.code.Types.isAssignable(Lcom/sun/tools/javac/code/Type;Lcom/sun/tools/javac/code/Type;Lcom/sun/tools/javac/util/Warner;)Z @ 13
Event: 962.766 Thread 0x000000001d71b800 Uncommon trap: reason=bimorphic action=maybe_recompile pc=0x0000000004203518 method=com.sun.tools.javac.code.Types.isAssignable(Lcom/sun/tools/javac/code/Type;Lcom/sun/tools/javac/code/Type;Lcom/sun/tools/javac/util/Warner;)Z @ 13
Event: 962.767 Thread 0x000000001d71b800 Uncommon trap: reason=bimorphic action=maybe_recompile pc=0x00000000041f2f5c method=com.sun.tools.javac.code.Types.isAssignable(Lcom/sun/tools/javac/code/Type;Lcom/sun/tools/javac/code/Type;Lcom/sun/tools/javac/util/Warner;)Z @ 13
Event: 963.009 Thread 0x000000001d71b800 Uncommon trap: reason=bimorphic action=maybe_recompile pc=0x00000000031b977c method=java.util.AbstractList$Itr.next()Ljava/lang/Object; @ 14
Event: 963.010 Thread 0x000000001d71b800 Uncommon trap: reason=bimorphic action=maybe_recompile pc=0x00000000031b977c method=java.util.AbstractList$Itr.next()Ljava/lang/Object; @ 14
Event: 963.010 Thread 0x000000001d71b800 Uncommon trap: reason=bimorphic action=maybe_recompile pc=0x00000000031b977c method=java.util.AbstractList$Itr.next()Ljava/lang/Object; @ 14
Event: 963.010 Thread 0x000000001d71b800 Uncommon trap: reason=bimorphic action=maybe_recompile pc=0x00000000031b977c method=java.util.AbstractList$Itr.next()Ljava/lang/Object; @ 14
Event: 964.671 Thread 0x000000001d71b800 Uncommon trap: reason=unstable_if action=reinterpret pc=0x0000000002ef2cb0 method=java.util.regex.Pattern.split(Ljava/lang/CharSequence;I)[Ljava/lang/String; @ 255

Internal exceptions (10 events):
Event: 33.396 Thread 0x0000000018b63800 Implicit null exception at 0x0000000002f94bba to 0x0000000002f95e99
Event: 34.128 Thread 0x0000000018b63800 Implicit null exception at 0x0000000002c4c217 to 0x0000000002c4c353
Event: 36.442 Thread 0x0000000018b63800 Implicit null exception at 0x000000000306f98e to 0x000000000306e07d
Event: 36.442 Thread 0x0000000018b63800 Implicit null exception at 0x000000000306f98e to 0x000000000306e07d
Event: 36.453 Thread 0x0000000018b63800 Implicit null exception at 0x000000000306f98e to 0x000000000306e07d
Event: 960.188 Thread 0x000000001d71b800 Exception <a 'java/lang/ClassNotFoundException': asLocalRepo3_9qvpu4kdraz4sbwj8bf4aaqtzBeanInfo> (0x00000000f203c2c0) thrown at [C:\re\workspace\8-2-build-windows-amd64-cygwin\jdk8u66\5298\hotspot\src\share\vm\classfile\systemDictionary.cpp, line 210]
Event: 960.188 Thread 0x000000001d71b800 Exception <a 'java/lang/ClassNotFoundException': asLocalRepo3_9qvpu4kdraz4sbwj8bf4aaqtzCustomizer> (0x00000000f2045720) thrown at [C:\re\workspace\8-2-build-windows-amd64-cygwin\jdk8u66\5298\hotspot\src\share\vm\classfile\systemDictionary.cpp, line 210]
Event: 960.946 Thread 0x000000001d71b800 Exception <a 'java/lang/ClassNotFoundException': org/gradle/api/internal/file/collections/DefaultConfigurableFileCollectionBeanInfo> (0x00000000f5d87e80) thrown at [C:\re\workspace\8-2-build-windows-amd64-cygwin\jdk8u66\5298\hotspot\src\share\vm\classfile\Ê:ï:’Ž@
Event: 960.946 Thread 0x000000001d71b800 Exception <a 'java/lang/ClassNotFoundException': org/gradle/api/internal/file/collections/DefaultConfigurableFileCollectionCustomizer> (0x00000000f5d9b908) thrown at [C:\re\workspace\8-2-build-windows-amd64-cygwin\jdk8u66\5298\hotspot\src\share\vm\classfilc4|ÖN%Ž@
Event: 964.663 Thread 0x000000001d71b800 Exception <a 'java/lang/reflect/InvocationTargetException'> (0x00000000edf716d8) thrown at [C:\re\workspace\8-2-build-windows-amd64-cygwin\jdk8u66\5298\hotspot\src\share\vm\runtime\reflection.cpp, line 1092]

Events (10 events):
Event: 964.690 Executing VM operation: RevokeBias done
Event: 964.690 Thread 0x000000001d470000 Thread exited: 0x000000001d470000
Event: 964.692 Executing VM operation: RevokeBias
Event: 964.692 Executing VM operation: RevokeBias done
Event: 964.692 Executing VM operation: RevokeBias
Event: 964.692 Executing VM operation: RevokeBias done
Event: 964.692 Executing VM operation: RevokeBias
Event: 964.692 Executing VM operation: RevokeBias done
Event: 964.697 Executing VM operation: RevokeBias
Event: 964.697 Executing VM operation: RevokeBias done


Dynamic libraries:
0x00007ff63fb50000 - 0x00007ff63fb87000 	C:\Program Files\Java\jdk1.8.0_66\bin\java.exe
0x00007ffb3c0c0000 - 0x00007ffb3c281000 	C:\WINDOWS\SYSTEM32\ntdll.dll
0x00007ffb39510000 - 0x00007ffb395bd000 	C:\WINDOWS\system32\KERNEL32.DLL
0x00007ffb38750000 - 0x00007ffb38938000 	C:\WINDOWS\system32\KERNELBASE.dll
0x00007ffb3ae00000 - 0x00007ffb3aea7000 	C:\WINDOWS\system32\ADVAPI32.dll
0x00007ffb3aeb0000 - 0x00007ffb3af4d000 	C:\WINDOWS\system32\msvcrt.dll
0x00007ffb3b1e0000 - 0x00007ffb3b23b000 	C:\WINDOWS\system32\sechost.dll
0x00007ffb3ace0000 - 0x00007ffb3adfc000 	C:\WINDOWS\system32\RPCRT4.dll
0x00007ffb3b9d0000 - 0x00007ffb3bb26000 	C:\WINDOWS\system32\USER32.dll
0x00007ffb3bf20000 - 0x00007ffb3c0a6000 	C:\WINDOWS\system32\GDI32.dll
0x00007ffb34300000 - 0x00007ffb34574000 	C:\WINDOWS\WinSxS\amd64_microsoft.windows.common-controls_6595b64144ccf1df_6.0.10586.0_none_8c15ae12515e1c22\COMCTL32.dll
0x00007ffb3bca0000 - 0x00007ffb3bf1d000 	C:\WINDOWS\system32\combase.dll
0x00007ffb389a0000 - 0x00007ffb38a0a000 	C:\WINDOWS\system32\bcryptPrimitives.dll
0x00007ffb3b500000 - 0x00007ffb3b53b000 	C:\WINDOWS\system32\IMM32.DLL
0x00007ffb385b0000 - 0x00007ffb385e1000 	C:\windows\system32\nvinitx.dll
0x00007ffb385a0000 - 0x00007ffb385aa000 	C:\WINDOWS\SYSTEM32\VERSION.dll
0x000000006ebf0000 - 0x000000006ecc2000 	C:\Program Files\Java\jdk1.8.0_66\jre\bin\msvcr100.dll
0x000000006eed0000 - 0x000000006f759000 	C:\Program Files\Java\jdk1.8.0_66\jre\bin\server\jvm.dll
0x00007ffb3c0b0000 - 0x00007ffb3c0b8000 	C:\WINDOWS\system32\PSAPI.DLL
0x00007ffb2fc10000 - 0x00007ffb2fc19000 	C:\WINDOWS\SYSTEM32\WSOCK32.dll
0x00007ffb36cb0000 - 0x00007ffb36cd3000 	C:\WINDOWS\SYSTEM32\WINMM.dll
0x00007ffb3ab20000 - 0x00007ffb3ab8b000 	C:\WINDOWS\system32\WS2_32.dll
0x00007ffb36c50000 - 0x00007ffb36c7c000 	C:\WINDOWS\SYSTEM32\WINMMBASE.dll
0x00007ffb39120000 - 0x00007ffb39163000 	C:\WINDOWS\system32\cfgmgr32.dll
0x0000000070df0000 - 0x0000000070dff000 	C:\Program Files\Java\jdk1.8.0_66\jre\bin\verify.dll
0x0000000070dc0000 - 0x0000000070de9000 	C:\Program Files\Java\jdk1.8.0_66\jre\bin\java.dll
0x0000000070da0000 - 0x0000000070db6000 	C:\Program Files\Java\jdk1.8.0_66\jre\bin\zip.dll
0x00007ffb395c0000 - 0x00007ffb3ab1f000 	C:\WINDOWS\system32\SHELL32.dll
0x00007ffb38ad0000 - 0x00007ffb39114000 	C:\WINDOWS\system32\windows.storage.dll
0x00007ffb3af50000 - 0x00007ffb3afa2000 	C:\WINDOWS\system32\shlwapi.dll
0x00007ffb386e0000 - 0x00007ffb386ef000 	C:\WINDOWS\system32\kernel.appcore.dll
0x00007ffb38a10000 - 0x00007ffb38ac5000 	C:\WINDOWS\system32\shcore.dll
0x00007ffb386f0000 - 0x00007ffb3873b000 	C:\WINDOWS\system32\powrprof.dll
0x00007ffb386c0000 - 0x00007ffb386d4000 	C:\WINDOWS\system32\profapi.dll
0x0000000070210000 - 0x000000007022a000 	C:\Program Files\Java\jdk1.8.0_66\jre\bin\net.dll
0x00007ffb37f40000 - 0x00007ffb37f9c000 	C:\WINDOWS\system32\mswsock.dll
0x00000000701f0000 - 0x0000000070201000 	C:\Program Files\Java\jdk1.8.0_66\jre\bin\nio.dll
0x00007ffb2eba0000 - 0x00007ffb2ebb2000 	C:\Users\Arsa\.gradle\native\19\windows-amd64\native-platform.dll
0x00007ffb321d0000 - 0x00007ffb32208000 	C:\WINDOWS\SYSTEM32\IPHLPAPI.DLL
0x00007ffb39500000 - 0x00007ffb39508000 	C:\WINDOWS\system32\NSI.dll
0x00007ffb31c30000 - 0x00007ffb31c46000 	C:\WINDOWS\SYSTEM32\dhcpcsvc6.DLL
0x00007ffb31c10000 - 0x00007ffb31c2a000 	C:\WINDOWS\SYSTEM32\dhcpcsvc.DLL
0x00007ffb37ff0000 - 0x00007ffb38007000 	C:\WINDOWS\SYSTEM32\CRYPTSP.dll
0x00007ffb37c80000 - 0x00007ffb37cb4000 	C:\WINDOWS\system32\rsaenh.dll
0x00007ffb385f0000 - 0x00007ffb38619000 	C:\WINDOWS\SYSTEM32\bcrypt.dll
0x00007ffb37dd0000 - 0x00007ffb37def000 	C:\WINDOWS\SYSTEM32\USERENV.dll
0x00007ffb38110000 - 0x00007ffb3811b000 	C:\WINDOWS\SYSTEM32\CRYPTBASE.dll
0x0000000070140000 - 0x000000007014d000 	C:\Program Files\Java\jdk1.8.0_66\jre\bin\management.dll
0x000000006ed00000 - 0x000000006ed24000 	C:\Program Files\Java\jdk1.8.0_66\jre\bin\sunec.dll
0x00007ffb370e0000 - 0x00007ffb3718a000 	C:\WINDOWS\SYSTEM32\DNSAPI.dll
0x0000000070030000 - 0x0000000070056000 	C:\Program Files\Bonjour\mdnsNSP.dll
0x00007ffb2ea10000 - 0x00007ffb2ea1a000 	C:\Windows\System32\rasadhlp.dll
0x00007ffb31c50000 - 0x00007ffb31cb7000 	C:\WINDOWS\System32\fwpuclnt.dll
0x00007ffb35f70000 - 0x00007ffb35f88000 	C:\WINDOWS\system32\NLAapi.dll
0x00007ffb26180000 - 0x00007ffb26196000 	C:\WINDOWS\system32\napinsp.dll
0x00007ffb261b0000 - 0x00007ffb261ca000 	C:\WINDOWS\system32\pnrpnsp.dll
0x00007ffb261a0000 - 0x00007ffb261ad000 	C:\WINDOWS\System32\winrnr.dll
0x00007ffb2b9f0000 - 0x00007ffb2ba05000 	C:\WINDOWS\System32\wshbth.dll
0x00007ffb36990000 - 0x00007ffb36a09000 	C:\WINDOWS\system32\apphelp.dll

VM Arguments:
jvm_args: -XX:MaxPermSize=256m -XX:+HeapDumpOnOutOfMemoryError -Xmx1024m -Dfile.encoding=windows-1252 -Duser.country=NO -Duser.language=no -Duser.variant 
java_command: org.gradle.launcher.daemon.bootstrap.GradleDaemon 2.8
java_class_path (initial): C:\Program Files\Android\Android Studio\gradle\gradle-2.8\lib\gradle-launcher-2.8.jar
Launcher Type: SUN_STANDARD

Environment Variables:
JAVA_HOME=C:\Program Files\Java\jdk1.8.0_66\
PATH=C:\ProgramData\Oracle\Java\javapath;C:\windows\system32;C:\windows;C:\windows\System32\Wbem;C:\windows\System32\WindowsPowerShell\v1.0\;C:\Users\Arsa\Dropbox\INF2100\apache-ant-1.9.4-bin\apache-ant-1.9.4\bin;C:\Program Files\Java\jdk1.8.0_25\;C:\Users\Arsa\AppData\Local\Smartbar\Application\;C:\Program Files\Common Files\Autodesk Shared\;C:\Program Files\Microsoft SQL Server\110\Tools\Binn\;C:\Program Files\Microsoft SQL Server\120\Tools\Binn\;C:\Program Files (x86)\Intel\OpenCL SDK\2.0\bin\x86;C:\Program Files (x86)\Intel\OpenCL SDK\2.0\bin\x64;C:\Program Files\Intel\WiFi\bin\;C:\Program Files\Common Files\Intel\WirelessCommon\;C:\Program Files (x86)\SMLNJ\bin\;C:\Program Files (x86)\NVIDIA Corporation\PhysX\Common;C:\Program Files (x86)\Skype\Phone\;C:\Program Files (x86)\GtkSharp\2.12\bin;C:\WINDOWS\system32;C:\WINDOWS;C:\WINDOWS\System32\Wbem;C:\Program Files\Java\jre1.8.0_66\;C:\Program Files\Intel\WiFi\bin\;C:\Program Files\Common Files\Intel\WirelessCommon\;C:\Program Files\Java\jdk1.8.0_66\
USERNAME=Arsa
OS=Windows_NT
PROCESSOR_IDENTIFIER=Intel64 Family 6 Model 58 Stepping 9, GenuineIntel



---------------  S Y S T E M  ---------------

OS: Windows 10.0 , 64 bit Build 10586 (10.0.10586.0)

CPU:total 8 (4 cores per cpu, 2 threads per core) family 6 model 58 stepping 9, cmov, cx8, fxsr, mmx, sse, sse2, sse3, ssse3, sse4.1, sse4.2, popcnt, avx, aes, clmul, erms, ht, tsc, tscinvbit, tscinv

Memory: 4k page, physical 8164892k(1223268k free), swap 9213468k(6052k free)

vm_info: Java HotSpot(TM) 64-Bit Server VM (25.66-b18) for windows-amd64 JRE (1.8.0_66-b18), built on Nov  9 2015 10:51:13 by "java_re" with MS VC++ 10.0 (VS2010)

time: Sun Jan 17 18:57:29 2016
elapsed time: 964 seconds (0d 0h 16m 4s)

