#
# There is insufficient memory for the Java Runtime Environment to continue.
# Native memory allocation (malloc) failed to allocate 1048576 bytes for AllocateHeap
# Possible reasons:
#   The system is out of physical RAM or swap space
#   In 32 bit mode, the process size limit was hit
# Possible solutions:
#   Reduce memory load on the system
#   Increase physical memory or swap space
#   Check if swap backing store is full
#   Use 64 bit Java on a 64 bit OS
#   Decrease Java heap size (-Xmx/-Xms)
#   Decrease number of Java threads
#   Decrease Java thread stack sizes (-Xss)
#   Set larger code cache with -XX:ReservedCodeCacheSize=
# This output file may be truncated or incomplete.
#
#  Out of Memory Error (memory/allocation.inline.hpp:61), pid=4404, tid=11736
#
# JRE version:  (8.0_66-b18) (build )
# Java VM: Java HotSpot(TM) 64-Bit Server VM (25.66-b18 mixed mode windows-amd64 compressed oops)
# Failed to write core dump. Minidumps are not enabled by default on client versions of Windows
#

---------------  T H R E A D  ---------------

Current thread (0x000000000097d800):  JavaThread "Unknown thread" [_thread_in_vm, id=11736, stack(0x00000000021c0000,0x00000000022c0000)]

Stack: [0x00000000021c0000,0x00000000022c0000]
[error occurred during error reporting (printing stack bounds), id 0xc0000005]

Native frames: (J=compiled Java code, j=interpreted, Vv=VM code, C=native code)


---------------  P R O C E S S  ---------------

Java Threads: ( => current thread )

Other Threads:

=>0x000000000097d800 (exited) JavaThread "Unknown thread" [_thread_in_vm, id=11736, stack(0x00000000021c0000,0x00000000022c0000)]

VM state:not at safepoint (normal execution)

VM Mutex/Monitor currently owned by a thread: None

Heap:
 PSYoungGen      total 37888K, used 655K [0x00000000eab00000, 0x00000000ed500000, 0x0000000100000000)
  eden space 32768K, 2% used [0x00000000eab00000,0x00000000eaba3d80,0x00000000ecb00000)
  from space 5120K, 0% used [0x00000000ed000000,0x00000000ed000000,0x00000000ed500000)
  to   space 5120K, 0% used [0x00000000ecb00000,0x00000000ecb00000,0x00000000ed000000)
 ParOldGen       total 86016K, used 0K [0x00000000c0000000, 0x00000000c5400000, 0x00000000eab00000)
  object space 86016K, 0% used [0x00000000c0000000,0x00000000c0000000,0x00000000c5400000)
 Metaspace       used 767K, capacity 4480K, committed 4480K, reserved 1056768K
  class space    used 75K, capacity 384K, committed 384K, reserved 1048576K

Card table byte_map: [0x0000000011780000,0x0000000011990000] byte_map_base: 0x0000000011180000

Marking Bits: (ParMarkBitMap*) 0x000000006f6da5b0
 Begin Bits: [0x00000000122f0000, 0x00000000132f0000)
 End Bits:   [0x00000000132f0000, 0x00000000142f0000)

Polling page: 0x0000000000510000

CodeCache: size=245760Kb used=328Kb max_used=328Kb free=245431Kb
 bounds [0x00000000023c0000, 0x0000000002630000, 0x00000000113c0000]
 total_blobs=57 nmethods=0 adapters=37
 compilation: enabled

Compilation events (0 events):
No events

GC Heap History (0 events):
No events

Deoptimization events (0 events):
No events

Internal exceptions (0 events):
No events

Events (10 events):
Event: 0.050 loading class java/lang/Short
Event: 0.050 loading class java/lang/Short done
Event: 0.050 loading class java/lang/Integer
Event: 0.050 loading class java/lang/Integer done
Event: 0.050 loading class java/lang/Long
Event: 0.051 loading class java/lang/Long done
Event: 0.052 loading class java/lang/NullPointerException
Event: 0.052 loading class java/lang/NullPointerException done
Event: 0.052 loading class java/lang/ArithmeticException
Event: 0.052 loading class java/lang/ArithmeticException done


Dynamic libraries:
0x00007ff63fb50000 - 0x00007ff63fb87000 	C:\Program Files\Java\jdk1.8.0_66\bin\java.exe
0x00007ffb3c0c0000 - 0x00007ffb3c281000 	C:\WINDOWS\SYSTEM32\ntdll.dll
0x00007ffb39510000 - 0x00007ffb395bd000 	C:\WINDOWS\system32\KERNEL32.DLL
0x00007ffb38750000 - 0x00007ffb38938000 	C:\WINDOWS\system32\KERNELBASE.dll
0x00007ffb3ae00000 - 0x00007ffb3aea7000 	C:\WINDOWS\system32\ADVAPI32.dll
0x00007ffb3aeb0000 - 0x00007ffb3af4d000 	C:\WINDOWS\system32\msvcrt.dll
0x00007ffb3b1e0000 - 0x00007ffb3b23b000 	C:\WINDOWS\system32\sechost.dll
0x00007ffb3ace0000 - 0x00007ffb3adfc000 	C:\WINDOWS\system32\RPCRT4.dll
0x00007ffb3b9d0000 - 0x00007ffb3bb26000 	C:\WINDOWS\system32\USER32.dll
0x00007ffb3bf20000 - 0x00007ffb3c0a6000 	C:\WINDOWS\system32\GDI32.dll
0x00007ffb34300000 - 0x00007ffb34574000 	C:\WINDOWS\WinSxS\amd64_microsoft.windows.common-controls_6595b64144ccf1df_6.0.10586.0_none_8c15ae12515e1c22\COMCTL32.dll
0x00007ffb3bca0000 - 0x00007ffb3bf1d000 	C:\WINDOWS\system32\combase.dll
0x00007ffb389a0000 - 0x00007ffb38a0a000 	C:\WINDOWS\system32\bcryptPrimitives.dll
0x00007ffb3b500000 - 0x00007ffb3b53b000 	C:\WINDOWS\system32\IMM32.DLL
0x00007ffb385b0000 - 0x00007ffb385e1000 	C:\windows\system32\nvinitx.dll
0x00007ffb385a0000 - 0x00007ffb385aa000 	C:\WINDOWS\SYSTEM32\VERSION.dll
0x000000006ebf0000 - 0x000000006ecc2000 	C:\Program Files\Java\jdk1.8.0_66\jre\bin\msvcr100.dll
0x000000006eed0000 - 0x000000006f759000 	C:\Program Files\Java\jdk1.8.0_66\jre\bin\server\jvm.dll
0x00007ffb3c0b0000 - 0x00007ffb3c0b8000 	C:\WINDOWS\system32\PSAPI.DLL
0x00007ffb2fc10000 - 0x00007ffb2fc19000 	C:\WINDOWS\SYSTEM32\WSOCK32.dll
0x00007ffb36cb0000 - 0x00007ffb36cd3000 	C:\WINDOWS\SYSTEM32\WINMM.dll
0x00007ffb3ab20000 - 0x00007ffb3ab8b000 	C:\WINDOWS\system32\WS2_32.dll
0x00007ffb36c50000 - 0x00007ffb36c7c000 	C:\WINDOWS\SYSTEM32\WINMMBASE.dll
0x00007ffb39120000 - 0x00007ffb39163000 	C:\WINDOWS\system32\cfgmgr32.dll
0x0000000070df0000 - 0x0000000070dff000 	C:\Program Files\Java\jdk1.8.0_66\jre\bin\verify.dll
0x0000000070dc0000 - 0x0000000070de9000 	C:\Program Files\Java\jdk1.8.0_66\jre\bin\java.dll
0x0000000070da0000 - 0x0000000070db6000 	C:\Program Files\Java\jdk1.8.0_66\jre\bin\zip.dll

VM Arguments:
jvm_args: -Djava.awt.headless=true -Xmx1024M -Dfile.encoding=windows-1252 -Duser.country=NO -Duser.language=no -Duser.variant 
java_command: com.android.dx.command.Main --dex --num-threads=4 --output C:\Users\Arsa\AndroidStudioProjects\MyFirstApp\app\build\intermediates\pre-dexed\debug\internal_impl-23.1.1_55fde0c60463f43e43612297dba5dce3f2a1f968.jar C:\Users\Arsa\AndroidStudioProjects\MyFirstApp\app\build\intermediates\exploded-aar\com.android.support\support-v4\23.1.1\jars\libs\internal_impl-23.1.1.jar
java_class_path (initial): C:\Users\Arsa\AppData\Local\Android\sdk\build-tools\23.0.1\lib\dx.jar
Launcher Type: SUN_STANDARD

Environment Variables:
JAVA_HOME=C:\Program Files\Java\jdk1.8.0_66\
PATH=C:\ProgramData\Oracle\Java\javapath;C:\windows\system32;C:\windows;C:\windows\System32\Wbem;C:\windows\System32\WindowsPowerShell\v1.0\;C:\Users\Arsa\Dropbox\INF2100\apache-ant-1.9.4-bin\apache-ant-1.9.4\bin;C:\Program Files\Java\jdk1.8.0_25\;C:\Users\Arsa\AppData\Local\Smartbar\Application\;C:\Program Files\Common Files\Autodesk Shared\;C:\Program Files\Microsoft SQL Server\110\Tools\Binn\;C:\Program Files\Microsoft SQL Server\120\Tools\Binn\;C:\Program Files (x86)\Intel\OpenCL SDK\2.0\bin\x86;C:\Program Files (x86)\Intel\OpenCL SDK\2.0\bin\x64;C:\Program Files\Intel\WiFi\bin\;C:\Program Files\Common Files\Intel\WirelessCommon\;C:\Program Files (x86)\SMLNJ\bin\;C:\Program Files (x86)\NVIDIA Corporation\PhysX\Common;C:\Program Files (x86)\Skype\Phone\;C:\Program Files (x86)\GtkSharp\2.12\bin;C:\WINDOWS\system32;C:\WINDOWS;C:\WINDOWS\System32\Wbem;C:\Program Files\Java\jre1.8.0_66\;C:\Program Files\Intel\WiFi\bin\;C:\Program Files\Common Files\Intel\WirelessCommon\;C:\Program Files\Java\jdk1.8.0_66\
USERNAME=Arsa
OS=Windows_NT
PROCESSOR_IDENTIFIER=Intel64 Family 6 Model 58 Stepping 9, GenuineIntel



---------------  S Y S T E M  ---------------

OS: Windows 10.0 , 64 bit Build 10586 (10.0.10586.0)

CPU:total 8 (4 cores per cpu, 2 threads per core) family 6 model 58 stepping 9, cmov, cx8, fxsr, mmx, sse, sse2, sse3, ssse3, sse4.1, sse4.2, popcnt, avx, aes, clmul, erms, ht, tsc, tscinvbit, tscinv

Memory: 4k page, physical 8164892k(1253752k free), swap 9213468k(140496k free)

vm_info: Java HotSpot(TM) 64-Bit Server VM (25.66-b18) for windows-amd64 JRE (1.8.0_66-b18), built on Nov  9 2015 10:51:13 by "java_re" with MS VC++ 10.0 (VS2010)

time: Sun Jan 17 18:57:58 2016
elapsed time: 0 seconds (0d 0h 0m 0s)

